{"/Users/thug2/Documents/Github/apically/utils/currency.ts": {"path":"/Users/thug2/Documents/Github/apically/utils/currency.ts","all":false,"statementMap":{"0":{"start":{"line":1,"column":0},"end":{"line":1,"column":31}},"1":{"start":{"line":2,"column":0},"end":{"line":2,"column":17}},"2":{"start":{"line":3,"column":0},"end":{"line":3,"column":18}},"3":{"start":{"line":4,"column":0},"end":{"line":4,"column":36}},"4":{"start":{"line":5,"column":0},"end":{"line":5,"column":3}},"5":{"start":{"line":6,"column":0},"end":{"line":6,"column":65}},"6":{"start":{"line":7,"column":0},"end":{"line":7,"column":1}}},"s":{"0":1,"1":3,"2":3,"3":3,"4":3,"5":3,"6":3},"branchMap":{"0":{"type":"branch","line":1,"loc":{"start":{"line":1,"column":16},"end":{"line":1,"column":30}},"locations":[{"start":{"line":1,"column":16},"end":{"line":1,"column":30}}]},"1":{"type":"branch","line":1,"loc":{"start":{"line":1,"column":7},"end":{"line":7,"column":1}},"locations":[{"start":{"line":1,"column":7},"end":{"line":7,"column":1}}]}},"b":{"0":[3],"1":[3]},"fnMap":{"0":{"name":"get","decl":{"start":{"line":1,"column":16},"end":{"line":1,"column":30}},"loc":{"start":{"line":1,"column":16},"end":{"line":1,"column":30}},"line":1},"1":{"name":"formatCurrency","decl":{"start":{"line":1,"column":7},"end":{"line":7,"column":1}},"loc":{"start":{"line":1,"column":7},"end":{"line":7,"column":1}},"line":1}},"f":{"0":3,"1":3}}
,"/Users/thug2/Documents/Github/apically/utils/datetime.ts": {"path":"/Users/thug2/Documents/Github/apically/utils/datetime.ts","all":false,"statementMap":{"0":{"start":{"line":1,"column":0},"end":{"line":1,"column":26}},"1":{"start":{"line":2,"column":0},"end":{"line":2,"column":0}},"2":{"start":{"line":3,"column":0},"end":{"line":3,"column":66}},"3":{"start":{"line":4,"column":0},"end":{"line":4,"column":22}},"4":{"start":{"line":5,"column":0},"end":{"line":5,"column":31}},"5":{"start":{"line":6,"column":0},"end":{"line":6,"column":29}},"6":{"start":{"line":7,"column":0},"end":{"line":7,"column":1}}},"s":{"0":1,"1":1,"2":1,"3":2,"4":2,"5":2,"6":2},"branchMap":{"0":{"type":"branch","line":3,"loc":{"start":{"line":3,"column":16},"end":{"line":3,"column":24}},"locations":[{"start":{"line":3,"column":16},"end":{"line":3,"column":24}}]},"1":{"type":"branch","line":3,"loc":{"start":{"line":3,"column":7},"end":{"line":7,"column":1}},"locations":[{"start":{"line":3,"column":7},"end":{"line":7,"column":1}}]}},"b":{"0":[2],"1":[2]},"fnMap":{"0":{"name":"get","decl":{"start":{"line":3,"column":16},"end":{"line":3,"column":24}},"loc":{"start":{"line":3,"column":16},"end":{"line":3,"column":24}},"line":3},"1":{"name":"diffTime","decl":{"start":{"line":3,"column":7},"end":{"line":7,"column":1}},"loc":{"start":{"line":3,"column":7},"end":{"line":7,"column":1}},"line":3}},"f":{"0":2,"1":2}}
,"/Users/thug2/Documents/Github/apically/utils/sort.ts": {"path":"/Users/thug2/Documents/Github/apically/utils/sort.ts","all":false,"statementMap":{"0":{"start":{"line":1,"column":0},"end":{"line":1,"column":47}},"1":{"start":{"line":2,"column":0},"end":{"line":2,"column":47}},"2":{"start":{"line":3,"column":0},"end":{"line":3,"column":0}},"3":{"start":{"line":4,"column":0},"end":{"line":4,"column":8}},"4":{"start":{"line":5,"column":0},"end":{"line":5,"column":31}},"5":{"start":{"line":6,"column":0},"end":{"line":6,"column":34}},"6":{"start":{"line":7,"column":0},"end":{"line":7,"column":33}},"7":{"start":{"line":8,"column":0},"end":{"line":8,"column":53}},"8":{"start":{"line":9,"column":0},"end":{"line":9,"column":0}},"9":{"start":{"line":10,"column":0},"end":{"line":10,"column":32}},"10":{"start":{"line":11,"column":0},"end":{"line":11,"column":34}},"11":{"start":{"line":12,"column":0},"end":{"line":12,"column":33}},"12":{"start":{"line":13,"column":0},"end":{"line":13,"column":53}},"13":{"start":{"line":14,"column":0},"end":{"line":14,"column":0}},"14":{"start":{"line":15,"column":0},"end":{"line":15,"column":8}},"15":{"start":{"line":16,"column":0},"end":{"line":16,"column":31}},"16":{"start":{"line":17,"column":0},"end":{"line":17,"column":34}},"17":{"start":{"line":18,"column":0},"end":{"line":18,"column":33}},"18":{"start":{"line":19,"column":0},"end":{"line":19,"column":37}},"19":{"start":{"line":20,"column":0},"end":{"line":20,"column":0}},"20":{"start":{"line":21,"column":0},"end":{"line":21,"column":32}},"21":{"start":{"line":22,"column":0},"end":{"line":22,"column":34}},"22":{"start":{"line":23,"column":0},"end":{"line":23,"column":33}},"23":{"start":{"line":24,"column":0},"end":{"line":24,"column":37}},"24":{"start":{"line":25,"column":0},"end":{"line":25,"column":0}},"25":{"start":{"line":26,"column":0},"end":{"line":26,"column":14}},"26":{"start":{"line":27,"column":0},"end":{"line":27,"column":37}},"27":{"start":{"line":28,"column":0},"end":{"line":28,"column":34}},"28":{"start":{"line":29,"column":0},"end":{"line":29,"column":33}},"29":{"start":{"line":30,"column":0},"end":{"line":30,"column":47}},"30":{"start":{"line":31,"column":0},"end":{"line":31,"column":0}},"31":{"start":{"line":32,"column":0},"end":{"line":32,"column":38}},"32":{"start":{"line":33,"column":0},"end":{"line":33,"column":34}},"33":{"start":{"line":34,"column":0},"end":{"line":34,"column":33}},"34":{"start":{"line":35,"column":0},"end":{"line":35,"column":47}}},"s":{"0":1,"1":1,"2":1,"3":1,"4":1,"5":3,"6":3,"7":1,"8":1,"9":1,"10":3,"11":3,"12":1,"13":1,"14":1,"15":1,"16":3,"17":3,"18":1,"19":1,"20":1,"21":3,"22":3,"23":1,"24":1,"25":1,"26":1,"27":3,"28":3,"29":1,"30":1,"31":1,"32":3,"33":3,"34":1},"branchMap":{"0":{"type":"branch","line":5,"loc":{"start":{"line":5,"column":27},"end":{"line":5,"column":26}},"locations":[{"start":{"line":5,"column":27},"end":{"line":5,"column":26}}]},"1":{"type":"branch","line":10,"loc":{"start":{"line":10,"column":28},"end":{"line":10,"column":27}},"locations":[{"start":{"line":10,"column":28},"end":{"line":10,"column":27}}]},"2":{"type":"branch","line":16,"loc":{"start":{"line":16,"column":27},"end":{"line":16,"column":26}},"locations":[{"start":{"line":16,"column":27},"end":{"line":16,"column":26}}]},"3":{"type":"branch","line":21,"loc":{"start":{"line":21,"column":28},"end":{"line":21,"column":27}},"locations":[{"start":{"line":21,"column":28},"end":{"line":21,"column":27}}]},"4":{"type":"branch","line":27,"loc":{"start":{"line":27,"column":33},"end":{"line":27,"column":32}},"locations":[{"start":{"line":27,"column":33},"end":{"line":27,"column":32}}]},"5":{"type":"branch","line":32,"loc":{"start":{"line":32,"column":34},"end":{"line":32,"column":33}},"locations":[{"start":{"line":32,"column":34},"end":{"line":32,"column":33}}]},"6":{"type":"branch","line":5,"loc":{"start":{"line":5,"column":30},"end":{"line":8,"column":51}},"locations":[{"start":{"line":5,"column":30},"end":{"line":8,"column":51}}]},"7":{"type":"branch","line":8,"loc":{"start":{"line":8,"column":21},"end":{"line":8,"column":26}},"locations":[{"start":{"line":8,"column":21},"end":{"line":8,"column":26}}]},"8":{"type":"branch","line":8,"loc":{"start":{"line":8,"column":46},"end":{"line":8,"column":51}},"locations":[{"start":{"line":8,"column":46},"end":{"line":8,"column":51}}]},"9":{"type":"branch","line":10,"loc":{"start":{"line":10,"column":31},"end":{"line":13,"column":51}},"locations":[{"start":{"line":10,"column":31},"end":{"line":13,"column":51}}]},"10":{"type":"branch","line":13,"loc":{"start":{"line":13,"column":21},"end":{"line":13,"column":26}},"locations":[{"start":{"line":13,"column":21},"end":{"line":13,"column":26}}]},"11":{"type":"branch","line":13,"loc":{"start":{"line":13,"column":46},"end":{"line":13,"column":51}},"locations":[{"start":{"line":13,"column":46},"end":{"line":13,"column":51}}]},"12":{"type":"branch","line":16,"loc":{"start":{"line":16,"column":30},"end":{"line":19,"column":35}},"locations":[{"start":{"line":16,"column":30},"end":{"line":19,"column":35}}]},"13":{"type":"branch","line":19,"loc":{"start":{"line":19,"column":13},"end":{"line":19,"column":18}},"locations":[{"start":{"line":19,"column":13},"end":{"line":19,"column":18}}]},"14":{"type":"branch","line":19,"loc":{"start":{"line":19,"column":30},"end":{"line":19,"column":35}},"locations":[{"start":{"line":19,"column":30},"end":{"line":19,"column":35}}]},"15":{"type":"branch","line":21,"loc":{"start":{"line":21,"column":31},"end":{"line":24,"column":35}},"locations":[{"start":{"line":21,"column":31},"end":{"line":24,"column":35}}]},"16":{"type":"branch","line":24,"loc":{"start":{"line":24,"column":13},"end":{"line":24,"column":18}},"locations":[{"start":{"line":24,"column":13},"end":{"line":24,"column":18}}]},"17":{"type":"branch","line":24,"loc":{"start":{"line":24,"column":30},"end":{"line":24,"column":35}},"locations":[{"start":{"line":24,"column":30},"end":{"line":24,"column":35}}]},"18":{"type":"branch","line":27,"loc":{"start":{"line":27,"column":36},"end":{"line":30,"column":45}},"locations":[{"start":{"line":27,"column":36},"end":{"line":30,"column":45}}]},"19":{"type":"branch","line":30,"loc":{"start":{"line":30,"column":18},"end":{"line":30,"column":23}},"locations":[{"start":{"line":30,"column":18},"end":{"line":30,"column":23}}]},"20":{"type":"branch","line":30,"loc":{"start":{"line":30,"column":40},"end":{"line":30,"column":45}},"locations":[{"start":{"line":30,"column":40},"end":{"line":30,"column":45}}]},"21":{"type":"branch","line":32,"loc":{"start":{"line":32,"column":37},"end":{"line":35,"column":45}},"locations":[{"start":{"line":32,"column":37},"end":{"line":35,"column":45}}]},"22":{"type":"branch","line":35,"loc":{"start":{"line":35,"column":18},"end":{"line":35,"column":23}},"locations":[{"start":{"line":35,"column":18},"end":{"line":35,"column":23}}]},"23":{"type":"branch","line":35,"loc":{"start":{"line":35,"column":40},"end":{"line":35,"column":45}},"locations":[{"start":{"line":35,"column":40},"end":{"line":35,"column":45}}]}},"b":{"0":[3],"1":[3],"2":[3],"3":[3],"4":[3],"5":[3],"6":[3],"7":[1],"8":[1],"9":[3],"10":[1],"11":[1],"12":[3],"13":[1],"14":[1],"15":[3],"16":[1],"17":[1],"18":[3],"19":[1],"20":[1],"21":[3],"22":[1],"23":[1]},"fnMap":{"0":{"name":"priceAscSorter","decl":{"start":{"line":5,"column":27},"end":{"line":5,"column":26}},"loc":{"start":{"line":5,"column":27},"end":{"line":5,"column":26}},"line":5},"1":{"name":"priceDescSorter","decl":{"start":{"line":10,"column":28},"end":{"line":10,"column":27}},"loc":{"start":{"line":10,"column":28},"end":{"line":10,"column":27}},"line":10},"2":{"name":"starsAscSorter","decl":{"start":{"line":16,"column":27},"end":{"line":16,"column":26}},"loc":{"start":{"line":16,"column":27},"end":{"line":16,"column":26}},"line":16},"3":{"name":"starsDescSorter","decl":{"start":{"line":21,"column":28},"end":{"line":21,"column":27}},"loc":{"start":{"line":21,"column":28},"end":{"line":21,"column":27}},"line":21},"4":{"name":"subscribersAscSorter","decl":{"start":{"line":27,"column":33},"end":{"line":27,"column":32}},"loc":{"start":{"line":27,"column":33},"end":{"line":27,"column":32}},"line":27},"5":{"name":"subscribersDescSorter","decl":{"start":{"line":32,"column":34},"end":{"line":32,"column":33}},"loc":{"start":{"line":32,"column":34},"end":{"line":32,"column":33}},"line":32},"6":{"name":"priceAscSorter","decl":{"start":{"line":5,"column":30},"end":{"line":8,"column":51}},"loc":{"start":{"line":5,"column":30},"end":{"line":8,"column":51}},"line":5},"7":{"name":"priceDescSorter","decl":{"start":{"line":10,"column":31},"end":{"line":13,"column":51}},"loc":{"start":{"line":10,"column":31},"end":{"line":13,"column":51}},"line":10},"8":{"name":"starsAscSorter","decl":{"start":{"line":16,"column":30},"end":{"line":19,"column":35}},"loc":{"start":{"line":16,"column":30},"end":{"line":19,"column":35}},"line":16},"9":{"name":"starsDescSorter","decl":{"start":{"line":21,"column":31},"end":{"line":24,"column":35}},"loc":{"start":{"line":21,"column":31},"end":{"line":24,"column":35}},"line":21},"10":{"name":"subscribersAscSorter","decl":{"start":{"line":27,"column":36},"end":{"line":30,"column":45}},"loc":{"start":{"line":27,"column":36},"end":{"line":30,"column":45}},"line":27},"11":{"name":"subscribersDescSorter","decl":{"start":{"line":32,"column":37},"end":{"line":35,"column":45}},"loc":{"start":{"line":32,"column":37},"end":{"line":35,"column":45}},"line":32}},"f":{"0":3,"1":3,"2":3,"3":3,"4":3,"5":3,"6":3,"7":3,"8":3,"9":3,"10":3,"11":3}}
,"/Users/thug2/Documents/Github/apically/utils/string.tsx": {"path":"/Users/thug2/Documents/Github/apically/utils/string.tsx","all":false,"statementMap":{"0":{"start":{"line":1,"column":0},"end":{"line":1,"column":53}},"1":{"start":{"line":2,"column":0},"end":{"line":2,"column":34}},"2":{"start":{"line":3,"column":0},"end":{"line":3,"column":72}},"3":{"start":{"line":4,"column":0},"end":{"line":4,"column":62}},"4":{"start":{"line":5,"column":0},"end":{"line":5,"column":26}},"5":{"start":{"line":6,"column":0},"end":{"line":6,"column":2}},"6":{"start":{"line":7,"column":0},"end":{"line":7,"column":0}},"7":{"start":{"line":8,"column":0},"end":{"line":8,"column":62}},"8":{"start":{"line":9,"column":0},"end":{"line":9,"column":10}},"9":{"start":{"line":10,"column":0},"end":{"line":10,"column":22}},"10":{"start":{"line":11,"column":0},"end":{"line":11,"column":58}},"11":{"start":{"line":12,"column":0},"end":{"line":12,"column":30}},"12":{"start":{"line":13,"column":0},"end":{"line":13,"column":4}},"13":{"start":{"line":14,"column":0},"end":{"line":14,"column":2}},"14":{"start":{"line":15,"column":0},"end":{"line":15,"column":0}},"15":{"start":{"line":16,"column":0},"end":{"line":16,"column":58}},"16":{"start":{"line":17,"column":0},"end":{"line":17,"column":63}},"17":{"start":{"line":18,"column":0},"end":{"line":18,"column":2}},"18":{"start":{"line":19,"column":0},"end":{"line":19,"column":0}},"19":{"start":{"line":20,"column":0},"end":{"line":20,"column":62}},"20":{"start":{"line":21,"column":0},"end":{"line":21,"column":52}},"21":{"start":{"line":22,"column":0},"end":{"line":22,"column":2}},"22":{"start":{"line":23,"column":0},"end":{"line":23,"column":0}},"23":{"start":{"line":24,"column":0},"end":{"line":24,"column":53}},"24":{"start":{"line":25,"column":0},"end":{"line":25,"column":40}},"25":{"start":{"line":26,"column":0},"end":{"line":26,"column":69}},"26":{"start":{"line":27,"column":0},"end":{"line":27,"column":51}},"27":{"start":{"line":28,"column":0},"end":{"line":28,"column":2}},"28":{"start":{"line":29,"column":0},"end":{"line":29,"column":0}},"29":{"start":{"line":30,"column":0},"end":{"line":30,"column":51}},"30":{"start":{"line":31,"column":0},"end":{"line":31,"column":56}},"31":{"start":{"line":32,"column":0},"end":{"line":32,"column":1}},"32":{"start":{"line":33,"column":0},"end":{"line":33,"column":0}},"33":{"start":{"line":34,"column":0},"end":{"line":34,"column":63}},"34":{"start":{"line":35,"column":0},"end":{"line":35,"column":48}},"35":{"start":{"line":36,"column":0},"end":{"line":36,"column":58}},"36":{"start":{"line":37,"column":0},"end":{"line":37,"column":2}}},"s":{"0":1,"1":5,"2":5,"3":5,"4":2,"5":1,"6":1,"7":1,"8":6,"9":6,"10":6,"11":3,"12":6,"13":1,"14":1,"15":1,"16":4,"17":1,"18":1,"19":1,"20":7,"21":1,"22":1,"23":1,"24":2,"25":2,"26":2,"27":1,"28":1,"29":1,"30":1,"31":1,"32":1,"33":1,"34":4,"35":4,"36":1},"branchMap":{"0":{"type":"branch","line":1,"loc":{"start":{"line":1,"column":27},"end":{"line":1,"column":26}},"locations":[{"start":{"line":1,"column":27},"end":{"line":1,"column":26}}]},"1":{"type":"branch","line":8,"loc":{"start":{"line":8,"column":36},"end":{"line":8,"column":35}},"locations":[{"start":{"line":8,"column":36},"end":{"line":8,"column":35}}]},"2":{"type":"branch","line":16,"loc":{"start":{"line":16,"column":33},"end":{"line":16,"column":32}},"locations":[{"start":{"line":16,"column":33},"end":{"line":16,"column":32}}]},"3":{"type":"branch","line":20,"loc":{"start":{"line":20,"column":37},"end":{"line":20,"column":36}},"locations":[{"start":{"line":20,"column":37},"end":{"line":20,"column":36}}]},"4":{"type":"branch","line":24,"loc":{"start":{"line":24,"column":27},"end":{"line":24,"column":26}},"locations":[{"start":{"line":24,"column":27},"end":{"line":24,"column":26}}]},"5":{"type":"branch","line":30,"loc":{"start":{"line":30,"column":37},"end":{"line":30,"column":36}},"locations":[{"start":{"line":30,"column":37},"end":{"line":30,"column":36}}]},"6":{"type":"branch","line":34,"loc":{"start":{"line":34,"column":36},"end":{"line":34,"column":35}},"locations":[{"start":{"line":34,"column":36},"end":{"line":34,"column":35}}]},"7":{"type":"branch","line":1,"loc":{"start":{"line":1,"column":30},"end":{"line":6,"column":1}},"locations":[{"start":{"line":1,"column":30},"end":{"line":6,"column":1}}]},"8":{"type":"branch","line":3,"loc":{"start":{"line":3,"column":34},"end":{"line":3,"column":54}},"locations":[{"start":{"line":3,"column":34},"end":{"line":3,"column":54}}]},"9":{"type":"branch","line":3,"loc":{"start":{"line":3,"column":56},"end":{"line":3,"column":72}},"locations":[{"start":{"line":3,"column":56},"end":{"line":3,"column":72}}]},"10":{"type":"branch","line":4,"loc":{"start":{"line":4,"column":-1},"end":{"line":4,"column":34}},"locations":[{"start":{"line":4,"column":-1},"end":{"line":4,"column":34}}]},"11":{"type":"branch","line":4,"loc":{"start":{"line":4,"column":34},"end":{"line":6,"column":1}},"locations":[{"start":{"line":4,"column":34},"end":{"line":6,"column":1}}]},"12":{"type":"branch","line":8,"loc":{"start":{"line":8,"column":39},"end":{"line":14,"column":1}},"locations":[{"start":{"line":8,"column":39},"end":{"line":14,"column":1}}]},"13":{"type":"branch","line":10,"loc":{"start":{"line":10,"column":19},"end":{"line":11,"column":55}},"locations":[{"start":{"line":10,"column":19},"end":{"line":11,"column":55}}]},"14":{"type":"branch","line":11,"loc":{"start":{"line":11,"column":55},"end":{"line":12,"column":30}},"locations":[{"start":{"line":11,"column":55},"end":{"line":12,"column":30}}]},"15":{"type":"branch","line":16,"loc":{"start":{"line":16,"column":36},"end":{"line":18,"column":1}},"locations":[{"start":{"line":16,"column":36},"end":{"line":18,"column":1}}]},"16":{"type":"branch","line":17,"loc":{"start":{"line":17,"column":27},"end":{"line":17,"column":62}},"locations":[{"start":{"line":17,"column":27},"end":{"line":17,"column":62}}]},"17":{"type":"branch","line":20,"loc":{"start":{"line":20,"column":40},"end":{"line":22,"column":1}},"locations":[{"start":{"line":20,"column":40},"end":{"line":22,"column":1}}]},"18":{"type":"branch","line":24,"loc":{"start":{"line":24,"column":30},"end":{"line":28,"column":1}},"locations":[{"start":{"line":24,"column":30},"end":{"line":28,"column":1}}]},"19":{"type":"branch","line":30,"loc":{"start":{"line":30,"column":7},"end":{"line":32,"column":1}},"locations":[{"start":{"line":30,"column":7},"end":{"line":32,"column":1}}]},"20":{"type":"branch","line":34,"loc":{"start":{"line":34,"column":39},"end":{"line":37,"column":1}},"locations":[{"start":{"line":34,"column":39},"end":{"line":37,"column":1}}]}},"b":{"0":[5],"1":[6],"2":[4],"3":[7],"4":[2],"5":[1],"6":[4],"7":[5],"8":[1],"9":[1],"10":[4],"11":[2],"12":[6],"13":[5],"14":[3],"15":[4],"16":[3],"17":[7],"18":[2],"19":[1],"20":[4]},"fnMap":{"0":{"name":"formatFileName","decl":{"start":{"line":1,"column":27},"end":{"line":1,"column":26}},"loc":{"start":{"line":1,"column":27},"end":{"line":1,"column":26}},"line":1},"1":{"name":"isFileNameFormatInvalid","decl":{"start":{"line":8,"column":36},"end":{"line":8,"column":35}},"loc":{"start":{"line":8,"column":36},"end":{"line":8,"column":35}},"line":8},"2":{"name":"isAPINameFormatValid","decl":{"start":{"line":16,"column":33},"end":{"line":16,"column":32}},"loc":{"start":{"line":16,"column":33},"end":{"line":16,"column":32}},"line":16},"3":{"name":"checkPythonVarNameFormat","decl":{"start":{"line":20,"column":37},"end":{"line":20,"column":36}},"loc":{"start":{"line":20,"column":37},"end":{"line":20,"column":36}},"line":20},"4":{"name":"formatPathname","decl":{"start":{"line":24,"column":27},"end":{"line":24,"column":26}},"loc":{"start":{"line":24,"column":27},"end":{"line":24,"column":26}},"line":24},"5":{"name":"capitalizeFirstLetter","decl":{"start":{"line":30,"column":37},"end":{"line":30,"column":36}},"loc":{"start":{"line":30,"column":37},"end":{"line":30,"column":36}},"line":30},"6":{"name":"snakeCaseToNormalString","decl":{"start":{"line":34,"column":36},"end":{"line":34,"column":35}},"loc":{"start":{"line":34,"column":36},"end":{"line":34,"column":35}},"line":34},"7":{"name":"formatFileName","decl":{"start":{"line":1,"column":30},"end":{"line":6,"column":1}},"loc":{"start":{"line":1,"column":30},"end":{"line":6,"column":1}},"line":1},"8":{"name":"isFileNameFormatInvalid","decl":{"start":{"line":8,"column":39},"end":{"line":14,"column":1}},"loc":{"start":{"line":8,"column":39},"end":{"line":14,"column":1}},"line":8},"9":{"name":"isAPINameFormatValid","decl":{"start":{"line":16,"column":36},"end":{"line":18,"column":1}},"loc":{"start":{"line":16,"column":36},"end":{"line":18,"column":1}},"line":16},"10":{"name":"checkPythonVarNameFormat","decl":{"start":{"line":20,"column":40},"end":{"line":22,"column":1}},"loc":{"start":{"line":20,"column":40},"end":{"line":22,"column":1}},"line":20},"11":{"name":"formatPathname","decl":{"start":{"line":24,"column":30},"end":{"line":28,"column":1}},"loc":{"start":{"line":24,"column":30},"end":{"line":28,"column":1}},"line":24},"12":{"name":"capitalizeFirstLetter","decl":{"start":{"line":30,"column":7},"end":{"line":32,"column":1}},"loc":{"start":{"line":30,"column":7},"end":{"line":32,"column":1}},"line":30},"13":{"name":"snakeCaseToNormalString","decl":{"start":{"line":34,"column":39},"end":{"line":37,"column":1}},"loc":{"start":{"line":34,"column":39},"end":{"line":37,"column":1}},"line":34}},"f":{"0":5,"1":6,"2":4,"3":7,"4":2,"5":1,"6":4,"7":5,"8":6,"9":4,"10":7,"11":2,"12":1,"13":4}}
}
