TN:
SF:utils/currency.ts
FN:1,get
FN:1,formatCurrency
FNF:2
FNH:2
FNDA:3,get
FNDA:3,formatCurrency
DA:1,1
DA:2,3
DA:3,3
DA:4,3
DA:5,3
DA:6,3
DA:7,3
LF:7
LH:7
BRDA:1,0,0,3
BRDA:1,1,0,3
BRF:2
BRH:2
end_of_record
TN:
SF:utils/datetime.ts
FN:3,get
FN:3,diffTime
FNF:2
FNH:2
FNDA:2,get
FNDA:2,diffTime
DA:1,1
DA:2,1
DA:3,1
DA:4,2
DA:5,2
DA:6,2
DA:7,2
LF:7
LH:7
BRDA:3,0,0,2
BRDA:3,1,0,2
BRF:2
BRH:2
end_of_record
TN:
SF:utils/sort.ts
FN:5,priceAscSorter
FN:10,priceDescSorter
FN:16,starsAscSorter
FN:21,starsDescSorter
FN:27,subscribersAscSorter
FN:32,subscribersDescSorter
FN:5,priceAscSorter
FN:10,priceDescSorter
FN:16,starsAscSorter
FN:21,starsDescSorter
FN:27,subscribersAscSorter
FN:32,subscribersDescSorter
FNF:12
FNH:12
FNDA:3,priceAscSorter
FNDA:3,priceDescSorter
FNDA:3,starsAscSorter
FNDA:3,starsDescSorter
FNDA:3,subscribersAscSorter
FNDA:3,subscribersDescSorter
FNDA:3,priceAscSorter
FNDA:3,priceDescSorter
FNDA:3,starsAscSorter
FNDA:3,starsDescSorter
FNDA:3,subscribersAscSorter
FNDA:3,subscribersDescSorter
DA:1,1
DA:2,1
DA:3,1
DA:4,1
DA:5,1
DA:6,3
DA:7,3
DA:8,1
DA:9,1
DA:10,1
DA:11,3
DA:12,3
DA:13,1
DA:14,1
DA:15,1
DA:16,1
DA:17,3
DA:18,3
DA:19,1
DA:20,1
DA:21,1
DA:22,3
DA:23,3
DA:24,1
DA:25,1
DA:26,1
DA:27,1
DA:28,3
DA:29,3
DA:30,1
DA:31,1
DA:32,1
DA:33,3
DA:34,3
DA:35,1
LF:35
LH:35
BRDA:5,0,0,3
BRDA:10,1,0,3
BRDA:16,2,0,3
BRDA:21,3,0,3
BRDA:27,4,0,3
BRDA:32,5,0,3
BRDA:5,6,0,3
BRDA:8,7,0,1
BRDA:8,8,0,1
BRDA:10,9,0,3
BRDA:13,10,0,1
BRDA:13,11,0,1
BRDA:16,12,0,3
BRDA:19,13,0,1
BRDA:19,14,0,1
BRDA:21,15,0,3
BRDA:24,16,0,1
BRDA:24,17,0,1
BRDA:27,18,0,3
BRDA:30,19,0,1
BRDA:30,20,0,1
BRDA:32,21,0,3
BRDA:35,22,0,1
BRDA:35,23,0,1
BRF:24
BRH:24
end_of_record
TN:
SF:utils/string.tsx
FN:1,formatFileName
FN:8,isFileNameFormatInvalid
FN:16,isAPINameFormatValid
FN:20,checkPythonVarNameFormat
FN:24,formatPathname
FN:30,capitalizeFirstLetter
FN:34,snakeCaseToNormalString
FN:1,formatFileName
FN:8,isFileNameFormatInvalid
FN:16,isAPINameFormatValid
FN:20,checkPythonVarNameFormat
FN:24,formatPathname
FN:30,capitalizeFirstLetter
FN:34,snakeCaseToNormalString
FNF:14
FNH:14
FNDA:5,formatFileName
FNDA:6,isFileNameFormatInvalid
FNDA:4,isAPINameFormatValid
FNDA:7,checkPythonVarNameFormat
FNDA:2,formatPathname
FNDA:1,capitalizeFirstLetter
FNDA:4,snakeCaseToNormalString
FNDA:5,formatFileName
FNDA:6,isFileNameFormatInvalid
FNDA:4,isAPINameFormatValid
FNDA:7,checkPythonVarNameFormat
FNDA:2,formatPathname
FNDA:1,capitalizeFirstLetter
FNDA:4,snakeCaseToNormalString
DA:1,1
DA:2,5
DA:3,5
DA:4,5
DA:5,2
DA:6,1
DA:7,1
DA:8,1
DA:9,6
DA:10,6
DA:11,6
DA:12,3
DA:13,6
DA:14,1
DA:15,1
DA:16,1
DA:17,4
DA:18,1
DA:19,1
DA:20,1
DA:21,7
DA:22,1
DA:23,1
DA:24,1
DA:25,2
DA:26,2
DA:27,2
DA:28,1
DA:29,1
DA:30,1
DA:31,1
DA:32,1
DA:33,1
DA:34,1
DA:35,4
DA:36,4
DA:37,1
LF:37
LH:37
BRDA:1,0,0,5
BRDA:8,1,0,6
BRDA:16,2,0,4
BRDA:20,3,0,7
BRDA:24,4,0,2
BRDA:30,5,0,1
BRDA:34,6,0,4
BRDA:1,7,0,5
BRDA:3,8,0,1
BRDA:3,9,0,1
BRDA:4,10,0,4
BRDA:4,11,0,2
BRDA:8,12,0,6
BRDA:10,13,0,5
BRDA:11,14,0,3
BRDA:16,15,0,4
BRDA:17,16,0,3
BRDA:20,17,0,7
BRDA:24,18,0,2
BRDA:30,19,0,1
BRDA:34,20,0,4
BRF:21
BRH:21
end_of_record
